<?xml version="1.0" encoding="UTF-8"?>
<testsuite name="LeapYearTest" tests="2" skipped="0" failures="0" errors="0" timestamp="2016-01-04T18:21:31" hostname="epicodus-29.local" time="0.002">
  <properties/>
  <testcase name="isLeapYear_forNumberDivisibleByFour_true" classname="LeapYearTest" time="0.001"/>
  <testcase name="isLeapYear_forMultiplesOfOneHundred_false" classname="LeapYearTest" time="0.0"/>
  <system-out><![CDATA[]]></system-out>
  <system-err><![CDATA[]]></system-err>
</testsuite>
